TN:
SF:script/BaseScript.s.sol
DA:17,259
FN:17,BaseScript.setUp
FNDA:259,BaseScript.setUp
DA:18,0
DA:20,0
DA:25,0
DA:26,259
DA:27,0
DA:28,0
DA:29,0
DA:30,0
DA:33,0
FN:33,BaseScript.run
FNDA:0,BaseScript.run
DA:34,0
DA:35,0
FNF:2
FNH:1
LF:12
LH:2
BRF:0
BRH:0
end_of_record
TN:
SF:script/DeployAll.s.sol
DA:9,0
FN:9,DeployAllScript.setUp
FNDA:0,DeployAllScript.setUp
DA:10,0
DA:13,258
FN:13,DeployAllScript.run
FNDA:258,DeployAllScript.run
DA:14,0
DA:15,0
DA:16,0
DA:17,0
DA:18,258
DA:19,0
DA:22,0
FN:22,DeployAllScript.logAddresses
FNDA:0,DeployAllScript.logAddresses
DA:23,0
DA:24,0
DA:25,0
DA:26,0
DA:27,0
DA:29,0
BRDA:29,0,0,-
DA:30,0
DA:34,0
DA:36,0
DA:38,0
DA:40,0
FNF:3
FNH:1
LF:21
LH:2
BRF:1
BRH:0
end_of_record
TN:
SF:script/DeployFulfillmentVault.s.sol
DA:18,872
FN:18,DeployFulfillmentVaultScript.setUp
FNDA:872,DeployFulfillmentVaultScript.setUp
DA:19,0
DA:20,90
DA:21,0
DA:22,0
DA:23,0
DA:24,0
DA:25,354
DA:26,0
DA:27,0
DA:28,0
DA:29,872
DA:32,3605
FN:32,DeployFulfillmentVaultScript.run
FNDA:3605,DeployFulfillmentVaultScript.run
DA:33,0
DA:34,0
DA:36,0
DA:39,1924
FN:39,DeployFulfillmentVaultScript.deployFulfillmentVault
FNDA:1924,DeployFulfillmentVaultScript.deployFulfillmentVault
DA:41,90
DA:44,546
DA:56,0
DA:57,2151
DA:60,2151
DA:63,0
DA:66,0
FN:66,DeployFulfillmentVaultScript.logFulfillmentVault
FNDA:0,DeployFulfillmentVaultScript.logFulfillmentVault
DA:67,0
FNF:4
FNH:3
LF:25
LH:10
BRF:0
BRH:0
end_of_record
TN:
SF:script/DeployRolloverVault.s.sol
DA:18,1287
FN:18,DeployRolloverVaultScript.setUp
FNDA:1287,DeployRolloverVaultScript.setUp
DA:19,0
DA:21,1287
DA:22,772
DA:23,0
DA:24,772
DA:25,772
DA:26,772
DA:27,515
DA:28,515
DA:29,0
DA:30,0
DA:33,0
FN:33,DeployRolloverVaultScript.run
FNDA:0,DeployRolloverVaultScript.run
DA:34,0
DA:35,0
DA:37,0
DA:40,0
FN:40,DeployRolloverVaultScript.deployRolloverVault
FNDA:0,DeployRolloverVaultScript.deployRolloverVault
DA:42,0
DA:45,0
DA:56,0
DA:57,0
DA:60,0
DA:63,0
DA:66,0
FN:66,DeployRolloverVaultScript.logRolloverVault
FNDA:0,DeployRolloverVaultScript.logRolloverVault
DA:67,0
FNF:4
FNH:1
LF:25
LH:8
BRF:0
BRH:0
end_of_record
TN:
SF:script/DeployRouter.s.sol
DA:11,0
FN:11,DeployRouterScript.setUp
FNDA:0,DeployRouterScript.setUp
DA:12,0
DA:15,0
FN:15,DeployRouterScript.run
FNDA:0,DeployRouterScript.run
DA:16,0
DA:17,0
DA:19,0
DA:22,0
FN:22,DeployRouterScript.deployRouter
FNDA:0,DeployRouterScript.deployRouter
DA:23,0
DA:24,0
DA:25,0
DA:28,0
FN:28,DeployRouterScript.logRouter
FNDA:0,DeployRouterScript.logRouter
DA:29,0
FNF:4
FNH:0
LF:12
LH:0
BRF:0
BRH:0
end_of_record
TN:
SF:src/FulfillmentVault.sol
DA:55,0
FN:55,FulfillmentVault._getFulfillmentVaultStorage
FNDA:0,FulfillmentVault._getFulfillmentVaultStorage
DA:58,0
DA:72,0
FN:72,FulfillmentVault.__FulfillmentVault_init
FNDA:0,FulfillmentVault.__FulfillmentVault_init
DA:80,0
DA:81,0
DA:82,0
DA:83,0
DA:84,0
DA:93,0
FN:93,FulfillmentVault.__FulfillmentVault_init_unchained
FNDA:0,FulfillmentVault.__FulfillmentVault_init_unchained
DA:97,0
DA:98,0
DA:99,0
DA:100,0
DA:113,0
FN:113,FulfillmentVault.initialize
FNDA:0,FulfillmentVault.initialize
DA:122,0
DA:123,0
DA:127,0
FN:127,FulfillmentVault.supportsInterface
FNDA:0,FulfillmentVault.supportsInterface
DA:128,0
DA:133,0
FN:133,FulfillmentVault._totalAssets
FNDA:0,FulfillmentVault._totalAssets
DA:134,0
DA:138,0
FN:138,FulfillmentVault.wrappedNativeToken
FNDA:0,FulfillmentVault.wrappedNativeToken
DA:139,0
DA:143,0
FN:143,FulfillmentVault.generalManager
FNDA:0,FulfillmentVault.generalManager
DA:144,0
DA:148,0
FN:148,FulfillmentVault.orderPool
FNDA:0,FulfillmentVault.orderPool
DA:149,0
DA:153,0
FN:153,FulfillmentVault.usdx
FNDA:0,FulfillmentVault.usdx
DA:154,0
DA:158,0
FN:158,FulfillmentVault.nonce
FNDA:0,FulfillmentVault.nonce
DA:159,0
DA:164,0
FN:164,FulfillmentVault.approveAssetToOrderPool
FNDA:0,FulfillmentVault.approveAssetToOrderPool
DA:165,0
DA:166,0
DA:171,0
FN:171,FulfillmentVault.wrapHype
FNDA:0,FulfillmentVault.wrapHype
DA:172,0
DA:173,0
DA:178,0
FN:178,FulfillmentVault.unwrapHype
FNDA:0,FulfillmentVault.unwrapHype
DA:179,0
DA:180,0
DA:181,0
DA:185,0
FN:185,FulfillmentVault.bridgeAssetFromCoreToEvm
FNDA:0,FulfillmentVault.bridgeAssetFromCoreToEvm
DA:191,0
DA:192,0
DA:196,0
FN:196,FulfillmentVault.burnUsdx
FNDA:0,FulfillmentVault.burnUsdx
DA:197,0
DA:198,0
DA:202,0
FN:202,FulfillmentVault.withdrawUsdTokenFromUsdx
FNDA:0,FulfillmentVault.withdrawUsdTokenFromUsdx
DA:208,0
DA:209,0
DA:213,0
FN:213,FulfillmentVault.depositUsdTokenToUsdx
FNDA:0,FulfillmentVault.depositUsdTokenToUsdx
DA:214,0
DA:215,0
DA:216,0
DA:220,0
FN:220,FulfillmentVault.bridgeAssetFromEvmToCore
FNDA:0,FulfillmentVault.bridgeAssetFromEvmToCore
DA:221,0
DA:222,0
BRDA:222,0,0,-
BRDA:222,0,1,-
DA:223,0
DA:225,0
DA:230,0
FN:230,FulfillmentVault.tradeOnCore
FNDA:0,FulfillmentVault.tradeOnCore
DA:237,0
DA:239,0
DA:241,0
DA:242,0
DA:246,0
FN:246,FulfillmentVault.fillOrder
FNDA:0,FulfillmentVault.fillOrder
DA:247,0
DA:248,0
DA:249,0
DA:250,0
DA:252,0
DA:253,0
DA:255,0
DA:256,0
BRDA:256,1,0,-
DA:257,0
DA:55,773
FN:55,FulfillmentVault._getFulfillmentVaultStorage
FNDA:773,FulfillmentVault._getFulfillmentVaultStorage
DA:58,773
DA:72,30
FN:72,FulfillmentVault.__FulfillmentVault_init
FNDA:30,FulfillmentVault.__FulfillmentVault_init
DA:80,30
DA:81,30
DA:82,30
DA:83,30
DA:84,30
DA:93,30
FN:93,FulfillmentVault.__FulfillmentVault_init_unchained
FNDA:30,FulfillmentVault.__FulfillmentVault_init_unchained
DA:97,0
DA:98,30
DA:99,30
DA:100,30
DA:113,30
FN:113,FulfillmentVault.initialize
FNDA:30,FulfillmentVault.initialize
DA:122,30
DA:123,30
DA:127,264
FN:127,FulfillmentVault.supportsInterface
FNDA:264,FulfillmentVault.supportsInterface
DA:128,264
DA:133,1060
FN:133,FulfillmentVault._totalAssets
FNDA:1060,FulfillmentVault._totalAssets
DA:134,1060
DA:138,1
FN:138,FulfillmentVault.wrappedNativeToken
FNDA:1,FulfillmentVault.wrappedNativeToken
DA:139,773
DA:143,1
FN:143,FulfillmentVault.generalManager
FNDA:1,FulfillmentVault.generalManager
DA:144,1
DA:148,1
FN:148,FulfillmentVault.orderPool
FNDA:1,FulfillmentVault.orderPool
DA:149,517
DA:153,1
FN:153,FulfillmentVault.usdx
FNDA:1,FulfillmentVault.usdx
DA:154,1
DA:158,1
FN:158,FulfillmentVault.nonce
FNDA:1,FulfillmentVault.nonce
DA:159,1
DA:164,515
FN:164,FulfillmentVault.approveAssetToOrderPool
FNDA:515,FulfillmentVault.approveAssetToOrderPool
DA:165,515
DA:166,515
DA:171,258
FN:171,FulfillmentVault.wrapHype
FNDA:258,FulfillmentVault.wrapHype
DA:172,258
DA:173,258
DA:178,257
FN:178,FulfillmentVault.unwrapHype
FNDA:257,FulfillmentVault.unwrapHype
DA:179,257
DA:180,257
DA:181,257
DA:185,1029
FN:185,FulfillmentVault.bridgeAssetFromCoreToEvm
FNDA:1029,FulfillmentVault.bridgeAssetFromCoreToEvm
DA:191,515
DA:192,515
DA:196,1028
FN:196,FulfillmentVault.burnUsdx
FNDA:1028,FulfillmentVault.burnUsdx
DA:197,514
DA:198,514
DA:202,772
FN:202,FulfillmentVault.withdrawUsdTokenFromUsdx
FNDA:772,FulfillmentVault.withdrawUsdTokenFromUsdx
DA:208,258
DA:209,258
DA:213,771
FN:213,FulfillmentVault.depositUsdTokenToUsdx
FNDA:771,FulfillmentVault.depositUsdTokenToUsdx
DA:214,257
DA:215,257
DA:216,257
DA:220,772
FN:220,FulfillmentVault.bridgeAssetFromEvmToCore
FNDA:772,FulfillmentVault.bridgeAssetFromEvmToCore
DA:221,258
DA:222,258
BRDA:222,0,0,-
BRDA:222,0,1,258
DA:223,0
DA:225,258
DA:230,773
FN:230,FulfillmentVault.tradeOnCore
FNDA:773,FulfillmentVault.tradeOnCore
DA:237,0
DA:239,259
DA:241,259
DA:242,259
DA:246,515
FN:246,FulfillmentVault.fillOrder
FNDA:515,FulfillmentVault.fillOrder
DA:247,1
DA:248,1
DA:249,1
DA:250,1
DA:252,1
DA:253,1
DA:255,1
DA:256,1
BRDA:256,1,0,-
DA:257,0
FNF:42
FNH:21
LF:146
LH:69
BRF:6
BRH:1
end_of_record
TN:
SF:src/LiquidityVault.sol
DA:73,10400
FN:73,LiquidityVault._getLiquidityVaultStorage
FNDA:10400,LiquidityVault._getLiquidityVaultStorage
DA:76,10400
DA:90,19
FN:90,LiquidityVault.__LiquidityVault_init
FNDA:19,LiquidityVault.__LiquidityVault_init
DA:98,19
DA:99,19
DA:110,19
FN:110,LiquidityVault.__LiquidityVault_init_unchained
FNDA:19,LiquidityVault.__LiquidityVault_init_unchained
DA:116,19
DA:117,19
DA:118,19
DA:119,19
DA:120,19
DA:121,19
DA:123,19
DA:124,19
DA:125,19
DA:127,19
DA:140,19
FN:140,LiquidityVault.initialize
FNDA:19,LiquidityVault.initialize
DA:149,19
DA:150,19
DA:154,533
FN:154,LiquidityVault.constructor
FNDA:533,LiquidityVault.constructor
DA:155,533
DA:159,263
FN:159,LiquidityVault.supportsInterface
FNDA:263,LiquidityVault.supportsInterface
DA:166,263
DA:167,260
DA:168,260
DA:169,258
DA:174,514
FN:174,LiquidityVault._authorizeUpgrade
FNDA:514,LiquidityVault._authorizeUpgrade
DA:179,1304
FN:179,LiquidityVault.checkWhitelistEnforced
FNDA:1304,LiquidityVault.checkWhitelistEnforced
DA:180,771
BRDA:180,0,0,771
DA:181,771
DA:187,257
FN:187,LiquidityVault.whitelistEnforced
FNDA:257,LiquidityVault.whitelistEnforced
DA:188,257
DA:192,1285
FN:192,LiquidityVault.setWhitelistEnforced
FNDA:1285,LiquidityVault.setWhitelistEnforced
DA:193,1028
DA:194,1028
DA:198,1
FN:198,LiquidityVault.decimals
FNDA:1,LiquidityVault.decimals
DA:199,1
DA:203,1
FN:203,LiquidityVault.decimalsOffset
FNDA:1,LiquidityVault.decimalsOffset
DA:204,1048
DA:208,511
FN:208,LiquidityVault.depositableAssets
FNDA:511,LiquidityVault.depositableAssets
DA:209,1816
DA:213,519
FN:213,LiquidityVault.redeemableAssets
FNDA:519,LiquidityVault.redeemableAssets
DA:214,3109
DA:223,771
FN:223,LiquidityVault._updateAssets
FNDA:771,LiquidityVault._updateAssets
DA:225,771
DA:227,385
BRDA:227,1,0,385
BRDA:227,1,1,138
DA:228,133
BRDA:228,2,0,133
BRDA:228,2,1,119
DA:229,133
DA:230,133
DA:232,252
DA:233,119
DA:234,119
DA:235,119
DA:237,252
DA:239,124
BRDA:239,3,0,124
BRDA:239,3,1,138
DA:240,124
DA:241,124
DA:243,262
DA:245,138
DA:247,138
DA:248,138
DA:250,262
DA:261,515
FN:261,LiquidityVault.totalAssets
FNDA:515,LiquidityVault.totalAssets
DA:262,1305
DA:271,790
FN:271,LiquidityVault._convertToShares
FNDA:790,LiquidityVault._convertToShares
DA:272,790
DA:281,257
FN:281,LiquidityVault._convertToAssets
FNDA:257,LiquidityVault._convertToAssets
DA:282,257
DA:283,257
DA:284,257
DA:288,257
DA:292,1285
FN:292,LiquidityVault.setPaused
FNDA:1285,LiquidityVault.setPaused
DA:293,771
BRDA:293,4,0,771
BRDA:293,4,1,257
DA:294,771
DA:296,257
DA:301,1561
FN:301,LiquidityVault.deposit
FNDA:1561,LiquidityVault.deposit
DA:309,1047
BRDA:309,5,0,257
DA:310,257
DA:313,790
DA:315,790
DA:317,790
DA:319,790
DA:324,514
FN:324,LiquidityVault.redeem
FNDA:514,LiquidityVault.redeem
DA:326,257
DA:328,257
DA:331,257
DA:334,257
DA:337,257
DA:338,257
DA:73,4885
FN:73,LiquidityVault._getLiquidityVaultStorage
FNDA:4885,LiquidityVault._getLiquidityVaultStorage
DA:76,0
DA:90,0
FN:90,LiquidityVault.__LiquidityVault_init
FNDA:0,LiquidityVault.__LiquidityVault_init
DA:98,0
DA:99,0
DA:110,45
FN:110,LiquidityVault.__LiquidityVault_init_unchained
FNDA:45,LiquidityVault.__LiquidityVault_init_unchained
DA:116,45
DA:117,45
DA:118,45
DA:119,45
DA:120,45
DA:121,45
DA:123,45
DA:124,45
DA:125,60
DA:127,45
DA:140,0
FN:140,LiquidityVault.initialize
FNDA:0,LiquidityVault.initialize
DA:149,0
DA:150,0
DA:154,45
FN:154,LiquidityVault.constructor
FNDA:45,LiquidityVault.constructor
DA:155,45
DA:159,528
FN:159,LiquidityVault.supportsInterface
FNDA:528,LiquidityVault.supportsInterface
DA:166,528
DA:167,522
DA:168,522
DA:169,518
DA:174,0
FN:174,LiquidityVault._authorizeUpgrade
FNDA:0,LiquidityVault._authorizeUpgrade
DA:179,2102
FN:179,LiquidityVault.checkWhitelistEnforced
FNDA:2102,LiquidityVault.checkWhitelistEnforced
DA:180,0
BRDA:180,0,0,-
DA:181,0
DA:187,0
FN:187,LiquidityVault.whitelistEnforced
FNDA:0,LiquidityVault.whitelistEnforced
DA:188,0
DA:192,0
FN:192,LiquidityVault.setWhitelistEnforced
FNDA:0,LiquidityVault.setWhitelistEnforced
DA:193,0
DA:194,0
DA:198,2
FN:198,LiquidityVault.decimals
FNDA:2,LiquidityVault.decimals
DA:199,2
DA:203,2
FN:203,LiquidityVault.decimalsOffset
FNDA:2,LiquidityVault.decimalsOffset
DA:204,2
DA:208,2
FN:208,LiquidityVault.depositableAssets
FNDA:2,LiquidityVault.depositableAssets
DA:209,2
DA:213,2573
FN:213,LiquidityVault.redeemableAssets
FNDA:2573,LiquidityVault.redeemableAssets
DA:214,4886
DA:223,1285
FN:223,LiquidityVault._updateAssets
FNDA:1285,LiquidityVault._updateAssets
DA:225,0
DA:227,1285
BRDA:227,1,0,1285
BRDA:227,1,1,-
DA:228,1028
BRDA:228,2,0,1028
BRDA:228,2,1,257
DA:229,1028
DA:230,1028
DA:232,257
DA:233,257
DA:234,257
DA:235,257
DA:237,1285
DA:239,0
BRDA:239,3,0,-
BRDA:239,3,1,-
DA:240,0
DA:241,0
DA:243,0
DA:245,0
DA:247,0
DA:248,0
DA:250,0
DA:261,1287
FN:261,LiquidityVault.totalAssets
FNDA:1287,LiquidityVault.totalAssets
DA:262,3389
DA:271,2102
FN:271,LiquidityVault._convertToShares
FNDA:2102,LiquidityVault._convertToShares
DA:272,2102
DA:281,257
FN:281,LiquidityVault._convertToAssets
FNDA:257,LiquidityVault._convertToAssets
DA:282,257
DA:283,257
DA:284,771
DA:288,257
DA:292,3856
FN:292,LiquidityVault.setPaused
FNDA:3856,LiquidityVault.setPaused
DA:293,3599
BRDA:293,4,0,3599
BRDA:293,4,1,257
DA:294,3599
DA:296,257
DA:301,2102
FN:301,LiquidityVault.deposit
FNDA:2102,LiquidityVault.deposit
DA:309,2102
BRDA:309,5,0,-
DA:310,0
DA:313,2102
DA:315,2102
DA:317,2102
DA:319,2102
DA:324,257
FN:324,LiquidityVault.redeem
FNDA:257,LiquidityVault.redeem
DA:326,257
DA:328,257
DA:331,257
DA:334,257
DA:337,257
DA:338,771
FNF:42
FNH:37
LF:178
LH:153
BRF:20
BRH:15
end_of_record
TN:
SF:src/RolloverVault.sol
DA:52,1032
FN:52,RolloverVault._getRolloverVaultStorage
FNDA:1032,RolloverVault._getRolloverVaultStorage
DA:55,96387
DA:68,258
FN:68,RolloverVault.__RolloverVault_init
FNDA:258,RolloverVault.__RolloverVault_init
DA:75,258
DA:76,0
DA:77,1032
DA:78,1032
DA:79,1032
DA:80,1032
DA:81,1032
DA:82,1032
DA:90,90
FN:90,RolloverVault.__RolloverVault_init_unchained
FNDA:90,RolloverVault.__RolloverVault_init_unchained
DA:91,0
DA:92,90
DA:93,1
DA:94,1
DA:106,0
FN:106,RolloverVault.initialize
FNDA:0,RolloverVault.initialize
DA:114,0
DA:115,0
DA:119,0
FN:119,RolloverVault.supportsInterface
FNDA:0,RolloverVault.supportsInterface
DA:120,0
DA:124,9253
FN:124,RolloverVault._totalAssets
FNDA:9253,RolloverVault._totalAssets
DA:125,0
DA:126,0
DA:128,0
DA:129,0
DA:130,0
DA:131,9253
DA:132,9253
DA:133,9253
DA:134,0
DA:138,9253
DA:140,258
DA:144,8995
FN:144,RolloverVault.usdx
FNDA:8995,RolloverVault.usdx
DA:145,0
DA:149,258
FN:149,RolloverVault.consol
FNDA:258,RolloverVault.consol
DA:150,0
DA:154,258
FN:154,RolloverVault.generalManager
FNDA:258,RolloverVault.generalManager
DA:155,258
DA:159,258
FN:159,RolloverVault.originationPoolScheduler
FNDA:258,RolloverVault.originationPoolScheduler
DA:160,258
DA:164,0
FN:164,RolloverVault.originationPools
FNDA:0,RolloverVault.originationPools
DA:165,0
DA:169,0
FN:169,RolloverVault.isTracked
FNDA:0,RolloverVault.isTracked
DA:170,0
DA:174,0
FN:174,RolloverVault.depositOriginationPool
FNDA:0,RolloverVault.depositOriginationPool
DA:176,0
DA:179,0
BRDA:179,0,0,-
DA:180,0
DA:184,0
BRDA:184,1,0,-
DA:185,0
DA:189,0
BRDA:189,2,0,-
DA:190,0
DA:191,0
DA:193,0
DA:195,0
DA:199,0
DA:202,0
DA:203,0
DA:207,0
FN:207,RolloverVault.redeemOriginationPool
FNDA:0,RolloverVault.redeemOriginationPool
DA:209,0
DA:212,0
BRDA:212,3,0,-
DA:213,0
DA:217,0
DA:218,0
DA:219,0
DA:220,0
DA:223,0
DA:226,0
DA:227,0
DA:230,0
DA:52,514
FN:52,RolloverVault._getRolloverVaultStorage
FNDA:514,RolloverVault._getRolloverVaultStorage
DA:55,514
DA:68,15
FN:68,RolloverVault.__RolloverVault_init
FNDA:15,RolloverVault.__RolloverVault_init
DA:75,15
DA:76,15
DA:77,15
DA:78,15
DA:79,15
DA:80,15
DA:81,15
DA:82,15
DA:90,15
FN:90,RolloverVault.__RolloverVault_init_unchained
FNDA:15,RolloverVault.__RolloverVault_init_unchained
DA:91,0
DA:92,15
DA:93,15
DA:94,15
DA:106,15
FN:106,RolloverVault.initialize
FNDA:15,RolloverVault.initialize
DA:114,15
DA:115,15
DA:119,264
FN:119,RolloverVault.supportsInterface
FNDA:264,RolloverVault.supportsInterface
DA:120,264
DA:124,2329
FN:124,RolloverVault._totalAssets
FNDA:2329,RolloverVault._totalAssets
DA:125,0
DA:126,0
DA:128,0
DA:129,771
DA:130,771
DA:131,771
DA:132,771
DA:133,771
DA:134,771
DA:138,2329
DA:140,0
DA:144,1
FN:144,RolloverVault.usdx
FNDA:1,RolloverVault.usdx
DA:145,4129
DA:149,1
FN:149,RolloverVault.consol
FNDA:1,RolloverVault.consol
DA:150,1
DA:154,1
FN:154,RolloverVault.generalManager
FNDA:1,RolloverVault.generalManager
DA:155,1
DA:159,1
FN:159,RolloverVault.originationPoolScheduler
FNDA:1,RolloverVault.originationPoolScheduler
DA:160,1543
DA:164,772
FN:164,RolloverVault.originationPools
FNDA:772,RolloverVault.originationPools
DA:165,5657
DA:169,771
FN:169,RolloverVault.isTracked
FNDA:771,RolloverVault.isTracked
DA:170,771
DA:174,2056
FN:174,RolloverVault.depositOriginationPool
FNDA:2056,RolloverVault.depositOriginationPool
DA:176,0
DA:179,1542
BRDA:179,0,0,257
DA:180,257
DA:184,1285
BRDA:184,1,0,257
DA:185,257
DA:189,1028
BRDA:189,2,0,1028
DA:190,1028
DA:191,1028
DA:193,1028
DA:195,1028
DA:199,1028
DA:202,1028
DA:203,1028
DA:207,1028
FN:207,RolloverVault.redeemOriginationPool
FNDA:1028,RolloverVault.redeemOriginationPool
DA:209,514
DA:212,514
BRDA:212,3,0,257
DA:213,257
DA:217,257
DA:218,257
DA:219,257
DA:220,257
DA:223,257
DA:226,257
DA:227,257
DA:230,257
FNF:28
FNH:22
LF:142
LH:91
BRF:8
BRH:4
end_of_record
TN:
SF:src/Router.sol
DA:72,774
FN:72,Router.constructor
FNDA:774,Router.constructor
DA:73,0
DA:74,0
DA:75,774
DA:76,774
DA:77,774
DA:78,774
DA:79,774
DA:82,774
DA:83,0
DA:84,0
DA:85,0
DA:93,0
FN:93,Router.approveCollaterals
FNDA:0,Router.approveCollaterals
DA:94,0
DA:96,0
DA:97,0
BRDA:97,0,0,-
DA:99,0
DA:100,0
DA:108,0
FN:108,Router.approveUsdTokens
FNDA:0,Router.approveUsdTokens
DA:109,0
DA:111,0
DA:112,0
DA:121,0
FN:121,Router._pullUsdToken
FNDA:0,Router._pullUsdToken
DA:122,0
BRDA:122,1,0,-
BRDA:122,1,1,-
DA:125,0
DA:129,0
DA:132,0
DA:135,0
DA:144,0
FN:144,Router._pullInConsol
FNDA:0,Router._pullInConsol
DA:145,0
BRDA:145,2,0,-
BRDA:145,2,1,-
DA:148,0
DA:152,0
DA:154,0
DA:156,0
DA:166,0
FN:166,Router._pullCollateral
FNDA:0,Router._pullCollateral
DA:167,0
BRDA:167,3,0,-
BRDA:167,3,1,-
DA:169,0
DA:172,0
DA:183,0
FN:183,Router._calculateCost
FNDA:0,Router._calculateCost
DA:188,0
DA:189,0
DA:192,0
DA:195,0
DA:201,0
FN:201,Router.calculateCollectedAmounts
FNDA:0,Router.calculateCollectedAmounts
DA:206,0
BRDA:206,4,0,-
BRDA:206,4,1,-
DA:207,0
DA:209,0
DA:211,0
DA:212,0
DA:213,0
DA:214,0
DA:218,0
DA:220,0
DA:221,0
DA:222,0
DA:223,0
DA:224,0
DA:225,0
BRDA:225,5,0,-
DA:226,0
DA:235,0
FN:235,Router.updatePriceFeedsAndRequestMortgage
FNDA:0,Router.updatePriceFeedsAndRequestMortgage
DA:247,0
DA:250,0
DA:252,0
DA:258,0
FN:258,Router.requestMortgage
FNDA:0,Router.requestMortgage
DA:268,0
DA:270,0
BRDA:270,6,0,-
DA:271,0
BRDA:271,7,0,-
DA:272,0
DA:274,0
DA:277,0
BRDA:277,8,0,-
DA:278,0
BRDA:278,9,0,-
DA:279,0
DA:281,0
DA:284,0
DA:285,0
DA:288,0
DA:294,0
FN:294,Router.periodPay
FNDA:0,Router.periodPay
DA:296,0
DA:299,0
DA:302,0
DA:303,0
DA:304,0
DA:310,0
FN:310,Router.penaltyPay
FNDA:0,Router.penaltyPay
DA:312,0
DA:315,0
DA:318,0
DA:319,0
DA:320,0
DA:326,0
FN:326,Router.refinance
FNDA:0,Router.refinance
DA:328,0
DA:331,0
DA:334,0
DA:337,0
DA:340,0
DA:343,0
DA:346,0
DA:347,0
DA:350,0
DA:358,0
FN:358,Router._getOrCreateOriginationPool
FNDA:0,Router._getOrCreateOriginationPool
DA:362,0
DA:365,0
BRDA:365,10,0,-
DA:373,0
FN:373,Router.originationPoolDeposit
FNDA:0,Router.originationPoolDeposit
DA:375,0
DA:378,0
DA:381,0
DA:384,0
DA:385,0
DA:388,0
DA:394,0
FN:394,Router.convert
FNDA:0,Router.convert
DA:400,0
BRDA:400,11,0,-
BRDA:400,11,1,-
DA:401,0
DA:404,0
BRDA:404,12,0,-
BRDA:404,12,1,-
DA:406,0
DA:409,0
BRDA:409,13,0,-
BRDA:409,13,1,-
DA:410,0
DA:413,0
BRDA:413,14,0,-
BRDA:413,14,1,-
DA:414,0
DA:418,0
DA:425,0
FN:425,Router.wrap
FNDA:0,Router.wrap
DA:427,0
BRDA:427,15,0,-
BRDA:427,15,1,-
DA:428,0
DA:429,0
BRDA:429,16,0,-
DA:430,0
DA:433,0
DA:436,0
BRDA:436,17,0,-
DA:437,0
DA:441,0
BRDA:441,18,0,-
DA:443,0
DA:445,0
DA:449,0
DA:455,0
FN:455,Router.rolloverVaultDeposit
FNDA:0,Router.rolloverVaultDeposit
DA:457,0
DA:460,0
DA:463,0
DA:464,0
DA:467,0
DA:72,8
FN:72,Router.constructor
FNDA:8,Router.constructor
DA:73,8
DA:74,8
DA:75,8
DA:76,8
DA:77,8
DA:78,8
DA:79,8
DA:82,8
DA:83,8
DA:84,8
DA:85,8
DA:93,7
FN:93,Router.approveCollaterals
FNDA:7,Router.approveCollaterals
DA:94,7
DA:96,7
DA:97,28
BRDA:97,0,0,14
DA:99,14
DA:100,14
DA:108,7
FN:108,Router.approveUsdTokens
FNDA:7,Router.approveUsdTokens
DA:109,7
DA:111,7
DA:112,14
DA:121,3
FN:121,Router._pullUsdToken
FNDA:3,Router._pullUsdToken
DA:122,3
BRDA:122,1,0,-
BRDA:122,1,1,3
DA:125,0
DA:129,3
DA:132,3
DA:135,3
DA:144,0
FN:144,Router._pullInConsol
FNDA:0,Router._pullInConsol
DA:145,0
BRDA:145,2,0,-
BRDA:145,2,1,3
DA:148,0
DA:152,0
DA:154,0
DA:156,0
DA:166,1
FN:166,Router._pullCollateral
FNDA:1,Router._pullCollateral
DA:167,1
BRDA:167,3,0,1
BRDA:167,3,1,1
DA:169,1
DA:172,0
DA:183,6
FN:183,Router._calculateCost
FNDA:6,Router._calculateCost
DA:188,6
DA:189,6
DA:192,6
DA:195,6
DA:201,3
FN:201,Router.calculateCollectedAmounts
FNDA:3,Router.calculateCollectedAmounts
DA:206,2
BRDA:206,4,0,2
BRDA:206,4,1,4
DA:207,2
DA:209,2
DA:211,2
DA:212,2
DA:213,0
DA:214,2
DA:218,4
DA:220,4
DA:221,4
DA:222,4
DA:223,4
DA:224,4
DA:225,4
BRDA:225,5,0,-
DA:226,0
DA:235,0
FN:235,Router.updatePriceFeedsAndRequestMortgage
FNDA:0,Router.updatePriceFeedsAndRequestMortgage
DA:247,0
DA:250,0
DA:252,0
DA:258,3
FN:258,Router.requestMortgage
FNDA:3,Router.requestMortgage
DA:268,3
DA:270,3
BRDA:270,6,0,1
DA:271,1
BRDA:271,7,0,-
DA:272,0
DA:274,1
DA:277,3
BRDA:277,8,0,2
DA:278,2
BRDA:278,9,0,-
DA:279,0
DA:281,2
DA:284,3
DA:285,3
DA:288,3
DA:294,0
FN:294,Router.periodPay
FNDA:0,Router.periodPay
DA:296,0
DA:299,0
DA:302,0
DA:303,0
DA:304,0
DA:310,0
FN:310,Router.penaltyPay
FNDA:0,Router.penaltyPay
DA:312,0
DA:315,0
DA:318,0
DA:319,0
DA:320,0
DA:326,0
FN:326,Router.refinance
FNDA:0,Router.refinance
DA:328,0
DA:331,0
DA:334,0
DA:337,0
DA:340,0
DA:343,0
DA:346,0
DA:347,0
DA:350,0
DA:358,1
FN:358,Router._getOrCreateOriginationPool
FNDA:1,Router._getOrCreateOriginationPool
DA:362,1
DA:365,1
BRDA:365,10,0,-
DA:373,1
FN:373,Router.originationPoolDeposit
FNDA:1,Router.originationPoolDeposit
DA:375,1
DA:378,1
DA:381,1
DA:384,1
DA:385,1
DA:388,1
DA:394,2
FN:394,Router.convert
FNDA:2,Router.convert
DA:400,3
BRDA:400,11,0,-
BRDA:400,11,1,1
DA:401,0
DA:404,3
BRDA:404,12,0,-
BRDA:404,12,1,1
DA:406,0
DA:409,3
BRDA:409,13,0,-
BRDA:409,13,1,1
DA:410,0
DA:413,3
BRDA:413,14,0,2
BRDA:413,14,1,1
DA:414,2
DA:418,1
DA:425,0
FN:425,Router.wrap
FNDA:0,Router.wrap
DA:427,0
BRDA:427,15,0,-
BRDA:427,15,1,-
DA:428,0
DA:429,0
BRDA:429,16,0,-
DA:430,0
DA:433,0
DA:436,0
BRDA:436,17,0,-
DA:437,0
DA:441,0
BRDA:441,18,0,-
DA:443,0
DA:445,0
DA:449,0
DA:455,0
FN:455,Router.rolloverVaultDeposit
FNDA:0,Router.rolloverVaultDeposit
DA:457,0
DA:460,0
DA:463,0
DA:464,0
DA:467,0
FNF:36
FNH:12
LF:272
LH:84
BRF:56
BRH:14
end_of_record
TN:
SF:test/mocks/MockERC20.sol
DA:10,38
FN:10,MockERC20.constructor
FNDA:38,MockERC20.constructor
DA:11,38
DA:14,0
FN:14,MockERC20.decimals
FNDA:0,MockERC20.decimals
DA:15,0
DA:18,1047
FN:18,MockERC20.mint
FNDA:1047,MockERC20.mint
DA:19,1047
DA:22,257
FN:22,MockERC20.burn
FNDA:257,MockERC20.burn
DA:23,257
DA:10,150
FN:10,MockERC20.constructor
FNDA:150,MockERC20.constructor
DA:11,150
DA:14,50
FN:14,MockERC20.decimals
FNDA:50,MockERC20.decimals
DA:15,50
DA:18,3
FN:18,MockERC20.mint
FNDA:3,MockERC20.mint
DA:19,3
DA:22,0
FN:22,MockERC20.burn
FNDA:0,MockERC20.burn
DA:23,0
FNF:8
FNH:6
LF:16
LH:12
BRF:0
BRH:0
end_of_record
TN:
SF:test/mocks/MockInterestRateOracle.sol
DA:13,0
FN:13,MockInterestRateOracle.setInterestRate
FNDA:0,MockInterestRateOracle.setInterestRate
DA:14,0
DA:13,0
FN:13,MockInterestRateOracle.setInterestRate
FNDA:0,MockInterestRateOracle.setInterestRate
DA:14,0
FNF:2
FNH:0
LF:4
LH:0
BRF:0
BRH:0
end_of_record
TN:
SF:test/mocks/MockLiquidityVault.sol
DA:8,1305
FN:8,MockLiquidityVault._totalAssets
FNDA:1305,MockLiquidityVault._totalAssets
DA:9,1305
DA:10,1305
DA:11,1305
DA:12,1305
DA:13,1305
DA:15,1305
DA:16,1305
DA:18,1305
DA:21,771
FN:21,MockLiquidityVault.updateAssets
FNDA:771,MockLiquidityVault.updateAssets
DA:22,771
FNF:2
FNH:2
LF:11
LH:11
BRF:0
BRH:0
end_of_record
TN:
SF:test/mocks/MockLiquidityVault2.sol
DA:8,0
FN:8,MockLiquidityVault2._totalAssets
FNDA:0,MockLiquidityVault2._totalAssets
DA:9,0
DA:10,0
DA:11,0
DA:12,0
DA:13,0
DA:15,0
DA:16,0
DA:18,0
DA:21,0
FN:21,MockLiquidityVault2.updateAssets
FNDA:0,MockLiquidityVault2.updateAssets
DA:22,0
DA:25,257
FN:25,MockLiquidityVault2.newFunction
FNDA:257,MockLiquidityVault2.newFunction
DA:26,257
FNF:3
FNH:1
LF:13
LH:2
BRF:0
BRH:0
end_of_record
TN:
SF:test/mocks/MockNFTMetadataGenerator.sol
DA:15,0
FN:15,MockNFTMetadataGenerator.setMetadata
FNDA:0,MockNFTMetadataGenerator.setMetadata
DA:16,0
DA:22,0
FN:22,MockNFTMetadataGenerator.generateMetadata
FNDA:0,MockNFTMetadataGenerator.generateMetadata
DA:23,0
DA:15,0
FN:15,MockNFTMetadataGenerator.setMetadata
FNDA:0,MockNFTMetadataGenerator.setMetadata
DA:16,0
DA:22,0
FN:22,MockNFTMetadataGenerator.generateMetadata
FNDA:0,MockNFTMetadataGenerator.generateMetadata
DA:23,0
FNF:4
FNH:0
LF:8
LH:0
BRF:0
BRH:0
end_of_record
TN:
SF:test/mocks/MockPriceOracle.sol
DA:13,0
FN:13,MockPriceOracle.constructor
FNDA:0,MockPriceOracle.constructor
DA:14,0
DA:18,0
FN:18,MockPriceOracle.setPrice
FNDA:0,MockPriceOracle.setPrice
DA:19,0
DA:23,0
FN:23,MockPriceOracle.cost
FNDA:0,MockPriceOracle.cost
DA:24,0
DA:25,0
DA:13,100
FN:13,MockPriceOracle.constructor
FNDA:100,MockPriceOracle.constructor
DA:14,100
DA:18,3
FN:18,MockPriceOracle.setPrice
FNDA:3,MockPriceOracle.setPrice
DA:19,3
DA:23,9
FN:23,MockPriceOracle.cost
FNDA:9,MockPriceOracle.cost
DA:24,9
DA:25,9
FNF:6
FNH:3
LF:14
LH:7
BRF:0
BRH:0
end_of_record
