TN:
SF:script/BaseScript.s.sol
DA:11,0
FN:11,BaseScript.setUp
FNDA:0,BaseScript.setUp
DA:12,0
DA:13,0
DA:14,0
DA:16,0
BRDA:16,0,0,-
BRDA:16,0,1,-
DA:19,0
FN:19,BaseScript.run
FNDA:0,BaseScript.run
DA:20,0
DA:21,0
FNF:2
FNH:0
LF:8
LH:0
BRF:2
BRH:0
end_of_record
TN:
SF:script/Counter.s.sol
DA:10,0
FN:10,CounterScript.setUp
FNDA:0,CounterScript.setUp
DA:12,0
FN:12,CounterScript.run
FNDA:0,CounterScript.run
DA:13,0
DA:15,0
DA:17,0
FNF:2
FNH:0
LF:5
LH:0
BRF:0
BRH:0
end_of_record
TN:
SF:script/DeployRouter.s.sol
DA:13,0
FN:13,RouterScript.setUp
FNDA:0,RouterScript.setUp
DA:14,0
DA:15,0
DA:16,0
DA:17,0
DA:18,0
DA:19,0
DA:20,0
DA:23,0
FN:23,RouterScript.run
FNDA:0,RouterScript.run
DA:24,0
DA:25,0
DA:26,0
DA:27,0
DA:30,0
FN:30,RouterScript.deployRouter
FNDA:0,RouterScript.deployRouter
DA:31,0
DA:32,0
DA:33,0
DA:36,0
FN:36,RouterScript.logRouter
FNDA:0,RouterScript.logRouter
DA:37,0
DA:40,0
FN:40,RouterScript.logAddresses
FNDA:0,RouterScript.logAddresses
DA:41,0
DA:42,0
DA:43,0
DA:44,0
DA:45,0
DA:47,0
BRDA:47,0,0,-
DA:48,0
DA:52,0
DA:54,0
FNF:5
FNH:0
LF:29
LH:0
BRF:1
BRH:0
end_of_record
TN:
SF:src/Counter.sol
DA:7,274
FN:7,Counter.setNumber
FNDA:274,Counter.setNumber
DA:8,274
DA:11,1
FN:11,Counter.increment
FNDA:1,Counter.increment
DA:12,1
FNF:2
FNH:2
LF:4
LH:4
BRF:0
BRH:0
end_of_record
TN:
SF:src/FulfillmentVault.sol
DA:52,1145
FN:52,FulfillmentVault._getFulfillmentVaultStorage
FNDA:1145,FulfillmentVault._getFulfillmentVaultStorage
DA:55,1145
DA:63,24
FN:63,FulfillmentVault.__FulfillmentVault_init
FNDA:24,FulfillmentVault.__FulfillmentVault_init
DA:72,24
DA:73,24
DA:74,24
DA:81,24
FN:81,FulfillmentVault.__FulfillmentVault_init_unchained
FNDA:24,FulfillmentVault.__FulfillmentVault_init_unchained
DA:82,24
DA:83,24
DA:96,24
FN:96,FulfillmentVault.initialize
FNDA:24,FulfillmentVault.initialize
DA:105,24
DA:106,24
DA:110,279
FN:110,FulfillmentVault.supportsInterface
FNDA:279,FulfillmentVault.supportsInterface
DA:111,279
DA:116,842
FN:116,FulfillmentVault._totalAssets
FNDA:842,FulfillmentVault._totalAssets
DA:117,842
DA:121,1
FN:121,FulfillmentVault.wrappedNativeToken
FNDA:1,FulfillmentVault.wrappedNativeToken
DA:122,547
DA:126,1
FN:126,FulfillmentVault.orderPool
FNDA:1,FulfillmentVault.orderPool
DA:127,275
DA:131,1
FN:131,FulfillmentVault.nonce
FNDA:1,FulfillmentVault.nonce
DA:132,1
DA:137,273
FN:137,FulfillmentVault.approveWhype
FNDA:273,FulfillmentVault.approveWhype
DA:138,273
DA:143,273
FN:143,FulfillmentVault.wrapHype
FNDA:273,FulfillmentVault.wrapHype
DA:144,273
DA:148,817
FN:148,FulfillmentVault.bridgeHypeFromCoreToEvm
FNDA:817,FulfillmentVault.bridgeHypeFromCoreToEvm
DA:150,273
DA:154,1088
FN:154,FulfillmentVault.burnUsdx
FNDA:1088,FulfillmentVault.burnUsdx
DA:155,544
DA:159,817
FN:159,FulfillmentVault.withdrawUsdTokenFromUsdx
FNDA:817,FulfillmentVault.withdrawUsdTokenFromUsdx
DA:160,273
DA:164,817
FN:164,FulfillmentVault.bridgeUsdTokenToCore
FNDA:817,FulfillmentVault.bridgeUsdTokenToCore
DA:165,273
DA:169,818
FN:169,FulfillmentVault.tradeOnCore
FNDA:818,FulfillmentVault.tradeOnCore
DA:171,274
DA:173,274
DA:174,274
DA:178,545
FN:178,FulfillmentVault.fillOrder
FNDA:545,FulfillmentVault.fillOrder
DA:179,1
DA:180,1
DA:181,1
DA:182,1
DA:183,1
FNF:17
FNH:17
LF:44
LH:44
BRF:0
BRH:0
end_of_record
TN:
SF:src/LiquidityVault.sol
DA:70,13866
FN:70,LiquidityVault._getLiquidityVaultStorage
FNDA:13866,LiquidityVault._getLiquidityVaultStorage
DA:73,13866
DA:81,15
FN:81,LiquidityVault.__LiquidityVault_init
FNDA:15,LiquidityVault.__LiquidityVault_init
DA:89,15
DA:90,15
DA:97,39
FN:97,LiquidityVault.__LiquidityVault_init_unchained
FNDA:39,LiquidityVault.__LiquidityVault_init_unchained
DA:103,39
DA:104,39
DA:105,39
DA:106,39
DA:107,39
DA:108,39
DA:120,15
FN:120,LiquidityVault.initialize
FNDA:15,LiquidityVault.initialize
DA:128,15
DA:129,15
DA:133,583
FN:133,LiquidityVault.constructor
FNDA:583,LiquidityVault.constructor
DA:134,583
DA:138,557
FN:138,LiquidityVault.supportsInterface
FNDA:557,LiquidityVault.supportsInterface
DA:145,557
DA:146,551
DA:147,551
DA:148,547
DA:156,544
FN:156,LiquidityVault._authorizeUpgrade
FNDA:544,LiquidityVault._authorizeUpgrade
DA:159,1944
FN:159,LiquidityVault.checkWhitelistEnforced
FNDA:1944,LiquidityVault.checkWhitelistEnforced
DA:160,544
BRDA:160,0,0,544
DA:161,544
DA:167,272
FN:167,LiquidityVault.whitelistEnforced
FNDA:272,LiquidityVault.whitelistEnforced
DA:168,272
DA:172,1088
FN:172,LiquidityVault.setWhitelistEnforced
FNDA:1088,LiquidityVault.setWhitelistEnforced
DA:173,816
DA:177,2
FN:177,LiquidityVault.decimals
FNDA:2,LiquidityVault.decimals
DA:178,2
DA:182,2
FN:182,LiquidityVault.decimalsOffset
FNDA:2,LiquidityVault.decimalsOffset
DA:183,1946
DA:187,2
FN:187,LiquidityVault.depositableAsset
FNDA:2,LiquidityVault.depositableAsset
DA:188,4994
DA:192,2
FN:192,LiquidityVault.redeemableAsset
FNDA:2,LiquidityVault.redeemableAsset
DA:193,3853
DA:199,546
FN:199,LiquidityVault.totalAssets
FNDA:546,LiquidityVault.totalAssets
DA:200,2490
DA:204,1672
FN:204,LiquidityVault._convertToShares
FNDA:1672,LiquidityVault._convertToShares
DA:205,1672
DA:209,272
FN:209,LiquidityVault._convertToAssets
FNDA:272,LiquidityVault._convertToAssets
DA:210,272
DA:214,2721
FN:214,LiquidityVault.setPaused
FNDA:2721,LiquidityVault.setPaused
DA:215,2177
BRDA:215,1,0,2177
BRDA:215,1,1,272
DA:216,2177
DA:218,272
DA:223,2216
FN:223,LiquidityVault.deposit
FNDA:2216,LiquidityVault.deposit
DA:225,1672
DA:227,1672
DA:229,1672
DA:231,1672
DA:236,544
FN:236,LiquidityVault.redeem
FNDA:544,LiquidityVault.redeem
DA:238,272
DA:240,272
DA:242,272
DA:244,272
FNF:20
FNH:20
LF:58
LH:58
BRF:3
BRH:3
end_of_record
TN:
SF:src/RolloverVault.sol
DA:21,0
FN:21,RolloverVault.__FulfillmentVault_init
FNDA:0,RolloverVault.__FulfillmentVault_init
DA:29,0
DA:30,0
DA:37,0
FN:37,RolloverVault.__FulfillmentVault_init_unchained
FNDA:0,RolloverVault.__FulfillmentVault_init_unchained
DA:48,0
FN:48,RolloverVault.initialize
FNDA:0,RolloverVault.initialize
DA:56,0
DA:57,0
DA:58,0
DA:62,0
FN:62,RolloverVault.constructor
FNDA:0,RolloverVault.constructor
DA:63,0
DA:67,0
FN:67,RolloverVault.supportsInterface
FNDA:0,RolloverVault.supportsInterface
DA:68,0
DA:76,0
FN:76,RolloverVault._authorizeUpgrade
FNDA:0,RolloverVault._authorizeUpgrade
DA:79,0
FN:79,RolloverVault._totalAssets
FNDA:0,RolloverVault._totalAssets
DA:80,0
FNF:7
FNH:0
LF:15
LH:0
BRF:0
BRH:0
end_of_record
TN:
SF:src/Router.sol
DA:68,8
FN:68,Router.constructor
FNDA:8,Router.constructor
DA:69,8
DA:70,8
DA:71,8
DA:72,8
DA:73,8
DA:74,8
DA:77,8
DA:78,8
DA:79,8
DA:80,8
DA:88,7
FN:88,Router.approveCollaterals
FNDA:7,Router.approveCollaterals
DA:89,7
DA:91,7
DA:92,28
BRDA:92,0,0,14
DA:94,14
DA:95,14
DA:103,7
FN:103,Router.approveUsdTokens
FNDA:7,Router.approveUsdTokens
DA:104,7
DA:106,7
DA:107,8
DA:116,3
FN:116,Router._pullUsdToken
FNDA:3,Router._pullUsdToken
DA:117,3
BRDA:117,1,0,-
BRDA:117,1,1,3
DA:120,0
DA:124,3
DA:127,3
DA:130,3
DA:139,0
FN:139,Router._pullInConsol
FNDA:0,Router._pullInConsol
DA:140,0
BRDA:140,2,0,-
BRDA:140,2,1,-
DA:143,0
DA:147,0
DA:149,0
DA:151,0
DA:161,1
FN:161,Router._pullCollateral
FNDA:1,Router._pullCollateral
DA:162,1
BRDA:162,3,0,1
BRDA:162,3,1,1
DA:164,1
DA:167,0
DA:178,6
FN:178,Router._calculateCost
FNDA:6,Router._calculateCost
DA:183,6
DA:184,6
DA:187,6
DA:190,6
DA:196,3
FN:196,Router.calculateCollectedAmounts
FNDA:3,Router.calculateCollectedAmounts
DA:201,2
BRDA:201,4,0,2
BRDA:201,4,1,4
DA:202,2
DA:204,2
DA:207,2
DA:208,2
DA:209,2
DA:210,2
DA:214,4
DA:216,4
DA:217,4
DA:218,4
DA:219,4
DA:220,4
DA:221,4
BRDA:221,5,0,-
DA:222,0
DA:231,0
FN:231,Router.updatePriceFeedsAndRequestMortgage
FNDA:0,Router.updatePriceFeedsAndRequestMortgage
DA:243,0
DA:246,0
DA:248,0
DA:254,3
FN:254,Router.requestMortgage
FNDA:3,Router.requestMortgage
DA:264,3
DA:266,3
BRDA:266,6,0,1
DA:267,1
BRDA:267,7,0,-
DA:268,0
DA:270,1
DA:273,3
BRDA:273,8,0,2
DA:274,2
BRDA:274,9,0,-
DA:275,0
DA:277,2
DA:280,3
DA:281,3
DA:284,3
DA:290,0
FN:290,Router.periodPay
FNDA:0,Router.periodPay
DA:292,0
DA:295,0
DA:298,0
DA:299,0
DA:300,0
DA:306,0
FN:306,Router.penaltyPay
FNDA:0,Router.penaltyPay
DA:308,0
DA:311,0
DA:314,0
DA:315,0
DA:316,0
DA:322,0
FN:322,Router.refinance
FNDA:0,Router.refinance
DA:324,0
DA:327,0
DA:330,0
DA:333,0
DA:336,0
DA:339,0
DA:342,0
DA:343,0
DA:346,0
DA:354,1
FN:354,Router._getOrCreateOriginationPool
FNDA:1,Router._getOrCreateOriginationPool
DA:355,1
DA:357,1
BRDA:357,10,0,-
DA:365,1
FN:365,Router.originationPoolDeposit
FNDA:1,Router.originationPoolDeposit
DA:367,1
DA:370,1
DA:373,1
DA:376,1
DA:377,1
DA:380,1
DA:386,2
FN:386,Router.convert
FNDA:2,Router.convert
DA:392,3
BRDA:392,11,0,-
BRDA:392,11,1,1
DA:393,0
DA:396,3
BRDA:396,12,0,-
BRDA:396,12,1,1
DA:398,0
DA:401,3
BRDA:401,13,0,-
BRDA:401,13,1,1
DA:402,0
DA:405,3
BRDA:405,14,0,2
BRDA:405,14,1,1
DA:406,2
DA:410,1
DA:417,0
FN:417,Router.wrap
FNDA:0,Router.wrap
DA:419,0
BRDA:419,15,0,-
BRDA:419,15,1,-
DA:420,0
DA:421,0
BRDA:421,16,0,-
DA:422,0
DA:425,0
DA:428,0
BRDA:428,17,0,-
DA:429,0
DA:433,0
BRDA:433,18,0,-
DA:435,0
DA:437,0
DA:441,0
FNF:17
FNH:11
LF:129
LH:77
BRF:28
BRH:13
end_of_record
TN:
SF:test/mocks/MockERC20.sol
DA:10,112
FN:10,MockERC20.constructor
FNDA:112,MockERC20.constructor
DA:11,112
DA:14,29
FN:14,MockERC20.decimals
FNDA:29,MockERC20.decimals
DA:15,29
DA:18,1106
FN:18,MockERC20.mint
FNDA:1106,MockERC20.mint
DA:19,1106
DA:22,272
FN:22,MockERC20.burn
FNDA:272,MockERC20.burn
DA:23,272
FNF:4
FNH:4
LF:8
LH:8
BRF:0
BRH:0
end_of_record
TN:
SF:test/mocks/MockInterestRateOracle.sol
DA:13,0
FN:13,MockInterestRateOracle.setInterestRate
FNDA:0,MockInterestRateOracle.setInterestRate
DA:14,0
FNF:1
FNH:0
LF:2
LH:0
BRF:0
BRH:0
end_of_record
TN:
SF:test/mocks/MockLiquidityVault.sol
DA:8,1648
FN:8,MockLiquidityVault._totalAssets
FNDA:1648,MockLiquidityVault._totalAssets
DA:9,1648
FNF:1
FNH:1
LF:2
LH:2
BRF:0
BRH:0
end_of_record
TN:
SF:test/mocks/MockLiquidityVault2.sol
DA:8,0
FN:8,MockLiquidityVault2._totalAssets
FNDA:0,MockLiquidityVault2._totalAssets
DA:9,0
DA:12,272
FN:12,MockLiquidityVault2.newFunction
FNDA:272,MockLiquidityVault2.newFunction
DA:13,272
FNF:2
FNH:1
LF:4
LH:2
BRF:0
BRH:0
end_of_record
TN:
SF:test/mocks/MockNFTMetadataGenerator.sol
DA:15,0
FN:15,MockNFTMetadataGenerator.setMetadata
FNDA:0,MockNFTMetadataGenerator.setMetadata
DA:16,0
DA:22,0
FN:22,MockNFTMetadataGenerator.generateMetadata
FNDA:0,MockNFTMetadataGenerator.generateMetadata
DA:23,0
FNF:2
FNH:0
LF:4
LH:0
BRF:0
BRH:0
end_of_record
TN:
SF:test/mocks/MockPriceOracle.sol
DA:13,58
FN:13,MockPriceOracle.constructor
FNDA:58,MockPriceOracle.constructor
DA:14,58
DA:18,3
FN:18,MockPriceOracle.setPrice
FNDA:3,MockPriceOracle.setPrice
DA:19,3
DA:23,9
FN:23,MockPriceOracle.cost
FNDA:9,MockPriceOracle.cost
DA:24,9
DA:25,9
FNF:3
FNH:3
LF:7
LH:7
BRF:0
BRH:0
end_of_record
